<?xml version="1.0" encoding="UTF-8"?>
<!-- Generated by org.testng.reporters.JUnitReportReporter -->
<testsuite hostname="LAPTOP-LH7NGA1K" failures="0" tests="1" name="MishipayTest.MishipayHackerU" time="33.846" errors="0" timestamp="2021-10-03T15:36:12 IDT" skipped="0">
  <testcase classname="MishipayTest.MishipayHackerU" name="registrationTest" time="33.846"/>
  <system-out/>
</testsuite> <!-- MishipayTest.MishipayHackerU -->
