<?xml version="1.0" encoding="UTF-8"?>
<!-- Generated by org.testng.reporters.JUnitReportReporter -->
<testsuite hostname="LAPTOP-LH7NGA1K" failures="0" tests="1" name="MishipayTest.NewTest" time="7.700" errors="0" timestamp="03 Oct 2021 07:07:39 GMT" skipped="0">
  <testcase classname="MishipayTest.NewTest" name="Ba" time="7.700"/>
</testsuite> <!-- MishipayTest.NewTest -->
