<?xml version="1.0" encoding="UTF-8"?>
<!-- Generated by org.testng.reporters.JUnitReportReporter -->
<testsuite hostname="LAPTOP-LH7NGA1K" failures="0" tests="1" name="resources.ExtentReporterNG" time="1.412" errors="0" timestamp="2021-10-03T12:11:56 IDT" skipped="0">
  <testcase classname="resources.ExtentReporterNG" name="extentTest" time="1.412"/>
  <system-out/>
</testsuite> <!-- resources.ExtentReporterNG -->
